Build started 08-05-2013 16:44:02.
     1>Project "C:\Users\Toshiba\Desktop\Universidade\2º ano -2º semestre\CG\myWork\Projecto-1ºEntrega\lab0\lab0.vcxproj" on node 2 (build target(s)).
     1>InitializeBuildStatus:
         Creating "Debug\Projecto.unsuccessfulbuild" because "AlwaysCreate" was specified.
       ClCompile:
         C:\Program Files\Microsoft Visual Studio 10.0\VC\bin\CL.exe /c /I"C:\Users\Toshiba\Desktop\Universidade\2º ano -2º semestre\CG\myWork\glut\include" /ZI /nologo /W3 /WX- /Od /Oy- /D WIN32 /D _DEBUG /D _CONSOLE /D _UNICODE /D UNICODE /Gm /EHsc /RTC1 /MDd /GS /fp:precise /Zc:wchar_t /Zc:forScope /Fo"Debug\\" /Fd"Debug\vc100.pdb" /Gd /TP /analyze- /errorReport:prompt Lighting.cpp
         Lighting.cpp
       ManifestResourceCompile:
         All outputs are up-to-date.
       Link:
         C:\Program Files\Microsoft Visual Studio 10.0\VC\bin\link.exe /ERRORREPORT:PROMPT /OUT:"C:\Users\Toshiba\Desktop\Universidade\2º ano -2º semestre\CG\myWork\Projecto-1ºEntrega\Debug\Projecto.exe" /INCREMENTAL /NOLOGO /LIBPATH:"C:\Users\Toshiba\Desktop\Universidade\2º ano -2º semestre\CG\myWork\glut\lib" kernel32.lib user32.lib gdi32.lib winspool.lib comdlg32.lib advapi32.lib shell32.lib ole32.lib oleaut32.lib uuid.lib odbc32.lib odbccp32.lib /DEF:"Alien1.def" /MANIFEST /ManifestFile:"Debug\Projecto.exe.intermediate.manifest" /MANIFESTUAC:"level='asInvoker' uiAccess='false'" /DEBUG /PDB:"C:\Users\Toshiba\Desktop\Universidade\2º ano -2º semestre\CG\myWork\Projecto-1ºEntrega\Debug\Projecto.pdb" /SUBSYSTEM:CONSOLE /TLBID:1 /DYNAMICBASE /NXCOMPAT /IMPLIB:"C:\Users\Toshiba\Desktop\Universidade\2º ano -2º semestre\CG\myWork\Projecto-1ºEntrega\Debug\Projecto.lib" /MACHINE:X86 Debug\Projecto.exe.embed.manifest.res
         Debug\Alien1.obj
         Debug\Alien2.obj
         Debug\Alien3.obj
         Debug\Escudo.obj
         Debug\Gestor.obj
         Debug\Lighting.obj
         Debug\Main.obj
         Debug\MyCamera.obj
         Debug\MyScreen.obj
         Debug\Shot.obj
         Debug\Spaceship.obj
       Manifest:
         c:\Program Files\Microsoft SDKs\Windows\v7.0A\bin\mt.exe /nologo /verbose /out:"Debug\Projecto.exe.embed.manifest" /manifest Debug\Projecto.exe.intermediate.manifest
         All outputs are up-to-date.
       LinkEmbedManifest:
         All outputs are up-to-date.
         lab0.vcxproj -> C:\Users\Toshiba\Desktop\Universidade\2º ano -2º semestre\CG\myWork\Projecto-1ºEntrega\Debug\Projecto.exe
       FinalizeBuildStatus:
         Deleting file "Debug\Projecto.unsuccessfulbuild".
         Touching "Debug\Projecto.lastbuildstate".
     1>Done Building Project "C:\Users\Toshiba\Desktop\Universidade\2º ano -2º semestre\CG\myWork\Projecto-1ºEntrega\lab0\lab0.vcxproj" (build target(s)).

Build succeeded.

Time Elapsed 00:00:00.93
